<?xml version="1.0" encoding="UTF-8"?>
<!-- Generated by org.testng.reporters.JUnitReportReporter -->
<testsuite hostname="DESKTOP-NUH2GC0" failures="0" tests="2" name="testScript.ManageCategorieTest" time="19.469" errors="0" timestamp="2025-09-10T11:57:11 IST" skipped="0">
  <testcase classname="testScript.ManageCategorieTest" name="verifyUserCancreatNewListCategories" time="5.884"/>
  <testcase classname="testScript.ManageCategorieTest" name="verifyUserCancreatEditCategories" time="13.585"/>
</testsuite> <!-- testScript.ManageCategorieTest -->
