<?xml version="1.0" encoding="UTF-8"?>
<!-- Generated by org.testng.reporters.JUnitReportReporter -->
<testsuite hostname="DESKTOP-NUH2GC0" failures="0" tests="1" name="testScript.ManageFooterTextTest" time="8.004" errors="0" timestamp="2025-09-10T11:59:23 IST" skipped="0">
  <testcase classname="testScript.ManageFooterTextTest" name="verifyUserCanUpdateManageFooterText" time="8.004"/>
</testsuite> <!-- testScript.ManageFooterTextTest -->
