<?xml version="1.0" encoding="UTF-8"?>
<!-- Generated by org.testng.reporters.JUnitReportReporter -->
<testsuite hostname="DESKTOP-NUH2GC0" failures="0" tests="1" name="testScript.LogoutTest" time="7.301" errors="0" timestamp="2025-09-10T12:00:36 IST" skipped="0">
  <testcase classname="testScript.LogoutTest" name="logoutFromLoginPageTest" time="7.301"/>
</testsuite> <!-- testScript.LogoutTest -->
