<?xml version="1.0" encoding="UTF-8"?>
<!-- Generated by org.testng.reporters.JUnitReportReporter -->
<testsuite hostname="DESKTOP-NUH2GC0" failures="0" tests="4" name="testScript.LoginTest" time="51.007" errors="0" timestamp="2025-09-19T22:19:48 IST" skipped="0">
  <testcase classname="testScript.LoginTest" name="verifyUserCanLoginWithcorrectUsernameAndInvalidPassword" time="18.645"/>
  <testcase classname="testScript.LoginTest" name="verifyUserCanLoginWithCorrectUsernameAndPassword" time="17.247"/>
  <testcase classname="testScript.LoginTest" name="verifyUserCanLoginWithInvalidUsernameAndcorrectPassword" time="8.033"/>
  <testcase classname="testScript.LoginTest" name="verifyUserCanLoginWithInvalidUsernameAndPassword" time="7.082"/>
</testsuite> <!-- testScript.LoginTest -->
