<?xml version="1.0" encoding="UTF-8"?>
<!-- Generated by org.testng.reporters.JUnitReportReporter -->
<testsuite hostname="DESKTOP-NUH2GC0" failures="0" tests="4" name="testScript.ManageNewsTest" time="65.427" errors="0" timestamp="2025-09-10T12:21:03 IST" skipped="0">
  <testcase classname="testScript.ManageNewsTest" name="verifyUserCanEditManagerNews" time="16.625"/>
  <testcase classname="testScript.ManageNewsTest" name="verifyUserCanEditManagerNews" time="16.710"/>
  <testcase classname="testScript.ManageNewsTest" name="verifyUserCancreatNewManageNews" time="10.527"/>
  <testcase classname="testScript.ManageNewsTest" name="verifyUserCancreatNewManageNews" time="21.565"/>
</testsuite> <!-- testScript.ManageNewsTest -->
