<?xml version="1.0" encoding="UTF-8"?>
<!-- Generated by org.testng.reporters.JUnitReportReporter -->
<testsuite hostname="DESKTOP-NUH2GC0" failures="0" tests="1" name="testScript.LoginTest" time="10.671" errors="0" timestamp="2025-09-10T12:20:13 IST" skipped="0">
  <testcase classname="testScript.LoginTest" name="verifyUserCanLoginWithCorrectUsernameAndPassword" time="10.671"/>
</testsuite> <!-- testScript.LoginTest -->
